    1  docker stop centos7
    2  docker start centos7
    3  ls /
    4  ls /usr
    5  pwd
    6  cd /root
    7  pwd
    8  cd usr
    9  cd /usr
   10  pwd
   11  cd /home
   12  mkdir test1
   13  ls
   14  cd /home
   15  mkdir -p test2/test3
   16  ls
   17  ls test2
   18  cd /home
   19  touch test1/index.php
   20  ls test1
   21  cd /home/test1 && ls
   22  cd /home/test1
   23  cp index.php copy.php
   24  ls
   25  cd /home
   26  cp -r test1 test4
   27  ls
   28  ls test4
   29  docker stop ff33d7fcdf0e
   30  exit
   31  cd /home
   32  mv test2/test3 test3
   33  ls
   34  cd /home
   35  mv test4 test1_copy
   36  ls
   37  exit
   38  cd /home
   39  mv test2/test3 test3
   40  ls
   41  cd /home
   42  ls test1
   43  rm test1/copy.php
   44  ls test1
   45  cd /home
   46  rm -r test3
   47  ls
   48  cd /home
   49  rm test1_copy/*.php
   50  ls test1_copy
   51  cd /home
   52  cat README.md
   53  cd /home
   54  echo '# Hello World' > README.md
   55  cat README.md
   56  echo '# Server Lesson' > README.md
   57  cat README.md
   58  cd /home
   59  echo 'Linux Practice' >> README.md
   60  echo '-----------------' >> README.md
   61  cat README.md
   62  cd /home
   63  vi README.md
   64  :set encoding=utf-8
   65  exit
   66  cd /home
   67  ls
   68  vi README.md
   69  exit
   70  cd /home
   71  ls
   72  cd /root
   73  mkdir server_lesson && cd server_lesson
   74  yum update -y && yum -y install git
   75  git version
   76  git init
   77  touch first.txt
   78  mkdir -p linux_practice1/public
   79  ls linux_practice1
   80  touch public/index.html
   81  ls public
   82  touch public/index.php
   83  touch index.php
   84  ls public
   85  pwd
   86  tree
   87  yum install tree
   88  tree
   89  mv index.php linux_practice1/public
   90  tree
   91  tree -L 1
   92  tree -L 2
   93  cp index.php index_bk.php
   94  cd /root/server_lesson/linux_practice1/public
   95  cp index.php index_bk.php
   96  ls public
   97  cd /root/server_lesson
   98  tree
   99  cd /root/server_lesson/linux_practice1
  100  cp -r public tmp
  101  ls tmp
  102  cd /root/server_lesson
  103  tree
  104  cd /root/server_lesson/linux_practice1/tmp
  105  ls
  106  rm tmp/index_bk.php
  107  rm index_bk.php
  108  ls
  109  cd /root/server_lesson
  110  tree
  111  touch README.md
  112  tree
  113  vi README.md
  114  git status
  115  git add .
  116  git status
  117  git commit -m 'server_practice_1'
  118  git status
  119  git log
  120  git status
  121   git config --global user.email maino.takesako1110@gmail.com
  122  git config --global user.name mainotakesako
  123  git commit -m 'server_practice_1'
  124  git log
  125  git remote -v
  126  git remote add gh https://github.com/mainotakesako/server_lesson.git
  127  git remote -v
  128  git push gh master
  129  mkdir -p linux_practice2/documents
  130  tree
  131  cd /root/server_lesson/linux_practice2/documents
  132  touch gizmo01.md
  133  touch gizmo02.md
  134  cd /root/server_lesson
  135  tree
  136  cd /root/server_lesson/linux_practice2/documents
  137  touch gizmo03.md
  138  touch gizmo04.md
  139  touch gizmo05.md
  140  touch gizmo06.md
  141  touch gizmo07.md
  142  touch gizmo08.md
  143  touch gizmo09.md
  144  touch gizmo10.md
  145  touch gizmo11.md
  146  touch gizmo12.md
  147* touch gizmo13.
  148  touch gizmo14.md
  149  touch gizmo15.md
  150  touch gizmo16.md
  151  touch gizmo17.md
  152  touch gizmo18.md
  153  touch gizmo19.md
  154  touch gizmo20.md
  155  touch gizmo21.md
  156  touch gizmo22.md
  157  touch gizmo23.md
  158  touch gizmo24.md
  159  touch gizmo25.md
  160  touch gizmo26.md
  161  touch gizmo27.md
  162  touch gizmo28.md
  163  touch gizmo29.md
  164  touch gizmo30.md
  165  cd /root/server_lesson
  166  tree
  167  cd /root/server_lesson/linux_practice2/documents
  168  touch gizmo31.md
  169  touch gizmo32.md
  170  touch gizmo33.md
  171  touch gizmo34.md
  172  touch gizmo35.md
  173  touch gizmo36.md
  174  touch gizmo37.md
  175  touch gizmo38.md
  176  touch gizmo39.md
  177  touch gizmo40.md
  178  touch gizmo41.md
  179  touch gizmo42.md
  180  touch gizmo43.md
  181  touch gizmo44.md
  182  touch gizmo45.md
  183  touch gizmo46.md
  184  touch gizmo47.md
  185  touch gizmo48.md
  186  touch gizmo49.md
  187  touch gizmo50.md
  188  cd /root/server_lesson
  189  tree
  190  cd /root/server_lesson/linux_practice2
  191  mkdir trash
  192  cd /root/server_lesson
  193  tree
  194  cd /root/server_lesson/linux_practice2
  195  documents/gizmo20.md trash
  196  cd /root/server_lesson
  197  tree
  198  cd /root/server_lesson/linux_practice2/documents
  199  gizmo20.md trash
  200  mv gizmo20.md trash
  201  cd /root/server_lesson
  202  tree
  203  cd /root/server_lesson/linux_practice2
  204  cd /root/server_lesson/linux_practice2/documents
  205  mv trash  gizmo20.md
  206  cd /root/server_lesson
  207  tree
  208  cd /root/server_lesson/linux_practice2
  209  mv documents/gizmo20.md trash
  210  cd /root/server_lesson
  211  tree
  212  cd /root/server_lesson/linux_practice2
  213  mv documents/gizmo21.md trash
  214  mv documents/gizmo22.md trash
  215  mv documents/gizmo23.md trash
  216  mv documents/gizmo24.md trash
  217  mv documents/gizmo25.md trash
  218  mv documents/gizmo26.md trash
  219  mv documents/gizmo27.md trash
  220  mv documents/gizmo28.md trash
  221  mv documents/gizmo29.md trash
  222  mv documents/gizmo30.md trash
  223  mv documents/gizmo31.md trash
  224  mv documents/gizmo32.md trash
  225  mv documents/gizmo33.md trash
  226  mv documents/gizmo34.md trash
  227  mv documents/gizmo35.md trash
  228  mv documents/gizmo36.md trash
  229  mv documents/gizmo37.md trash
  230  mv documents/gizmo38.md trash
  231  mv documents/gizmo39.md trash
  232  mv documents/gizmo40.md trash
  233  cd /root/server_lesson
  234  tree
  235  cd /root/server_lesson/linux_practice2
  236  touch .gitignore
  237  cd /root/server_lesson
  238  tree
  239  cd /root/server_lesson/linux_practice2/.gitignore
  240  cd /root/server_lesson/linux_practice2
  241  touch linux_practice2/.gitignore
  242  ls
  243  touch .gitignore
  244  ls -a
  245  ls
  246  vi .gitignore
  247  touch exec_command.log
  248  ls -a
  249  hitory 300 > exec_command.log
  250  history 300 > exec_command.log
